Using pre-set license
Built from '2020.3/staging' branch; Version is '2020.3.3f1 (76626098c1c4) revision 7758432'; Using compiler version '192528614'; Build Type 'Release'
OS: 'Windows 10 Home; OS build 19044.2364; Version 2009; 64bit' Language: 'en' Physical Memory: 32514 MB
BatchMode: 1, IsHumanControllingUs: 0, StartBugReporterOnCrash: 0, Is64bit: 1, IsPro: 0

 COMMAND LINE ARGUMENTS:
C:\Program Files\Unity\Hub\Editor\2020.3.3f1\Editor\Unity.exe
-adb2
-batchMode
-noUpm
-name
AssetImportWorker0
-projectPath
D:/##College Applications/Portfolio/Portfolio-Game-FIles/Source Code/The Forlorn House
-logFile
Logs/AssetImportWorker0.log
-srvPort
65314
Successfully changed project path to: D:/##College Applications/Portfolio/Portfolio-Game-FIles/Source Code/The Forlorn House
D:/##College Applications/Portfolio/Portfolio-Game-FIles/Source Code/The Forlorn House
Using Asset Import Pipeline V2.
Refreshing native plugins compatible for Editor in 26.79 ms, found 0 plugins.
Preloading 0 native plugins for Editor in 0.00 ms.
Initialize engine version: 2020.3.3f1 (76626098c1c4)
[Subsystems] Discovering subsystems at path C:/Program Files/Unity/Hub/Editor/2020.3.3f1/Editor/Data/Resources/UnitySubsystems
[Subsystems] Discovering subsystems at path D:/##College Applications/Portfolio/Portfolio-Game-FIles/Source Code/The Forlorn House/Assets
GfxDevice: creating device client; threaded=0
Direct3D:
    Version:  Direct3D 11.0 [level 11.1]
    Renderer: NVIDIA GeForce RTX 2080 Super (ID=0x1ed3)
    Vendor:   
    VRAM:     8001 MB
    Driver:   31.0.15.2756
Initialize mono
Mono path[0] = 'C:/Program Files/Unity/Hub/Editor/2020.3.3f1/Editor/Data/Managed'
Mono path[1] = 'C:/Program Files/Unity/Hub/Editor/2020.3.3f1/Editor/Data/MonoBleedingEdge/lib/mono/unityjit'
Mono config path = 'C:/Program Files/Unity/Hub/Editor/2020.3.3f1/Editor/Data/MonoBleedingEdge/etc'
Using monoOptions --debugger-agent=transport=dt_socket,embedding=1,server=y,suspend=n,address=127.0.0.1:56748
Begin MonoManager ReloadAssembly
Registering precompiled unity dll's ...
Register platform support module: C:/Program Files/Unity/Hub/Editor/2020.3.3f1/Editor/Data/PlaybackEngines/WebGLSupport/UnityEditor.WebGL.Extensions.dll
Register platform support module: C:/Program Files/Unity/Hub/Editor/2020.3.3f1/Editor/Data/PlaybackEngines/WindowsStandaloneSupport/UnityEditor.WindowsStandalone.Extensions.dll
Registered in 0.002322 seconds.
Native extension for WindowsStandalone target not found
Native extension for WebGL target not found
Refreshing native plugins compatible for Editor in 23.09 ms, found 0 plugins.
Preloading 0 native plugins for Editor in 0.00 ms.
Invoked RoslynAnalysisRunner static constructor.
RoslynAnalysisRunner will not be running.
RoslynAnalysisRunner has terminated.
Mono: successfully reloaded assembly
- Completed reload, in  0.951 seconds
Platform modules already initialized, skipping
Registering precompiled user dll's ...
Registered in 0.000531 seconds.
Begin MonoManager ReloadAssembly
Native extension for WindowsStandalone target not found
Native extension for WebGL target not found
Refreshing native plugins compatible for Editor in 0.28 ms, found 0 plugins.
Preloading 0 native plugins for Editor in 0.00 ms.
Invoked RoslynAnalysisRunner static constructor.
RoslynAnalysisRunner will not be running.
RoslynAnalysisRunner has terminated.
Mono: successfully reloaded assembly
- Completed reload, in  0.696 seconds
Platform modules already initialized, skipping
========================================================================
Worker process is ready to serve import requests
Launched and connected shader compiler UnityShaderCompiler.exe after 0.04 seconds
Refreshing native plugins compatible for Editor in 0.28 ms, found 0 plugins.
Preloading 0 native plugins for Editor in 0.00 ms.
Unloading 1516 Unused Serialized files (Serialized files now loaded: 0)
System memory in use before: 76.7 MB.
System memory in use after: 76.7 MB.

Unloading 10 unused Assets to reduce memory usage. Loaded Objects now: 1960.
Total: 1.474200 ms (FindLiveObjects: 0.172900 ms CreateObjectMapping: 0.060900 ms MarkObjects: 1.159300 ms  DeleteObjects: 0.080300 ms)

========================================================================
Received Import Request.
  path: Assets/LowRez.renderTexture
  artifactKey: Guid(8686d48ab40946d4d870e7e796f09fa5) Importer(815301076,1909f56bfc062723c751e8b465ee728b)
Start importing Assets/LowRez.renderTexture using Guid(8686d48ab40946d4d870e7e796f09fa5) Importer(815301076,1909f56bfc062723c751e8b465ee728b)  -> (artifact id: 'a4bdb3f0810714b5d40c4664fff250fd') in 0.067047 seconds
  Import took 0.069119 seconds .

========================================================================
Received Import Request.
  Time since last request: 0.000153 seconds.
  path: Assets/rain-transparent.gif
  artifactKey: Guid(f99c14c5439219d4a9104ee5465b02c8) Importer(815301076,1909f56bfc062723c751e8b465ee728b)
Start importing Assets/rain-transparent.gif using Guid(f99c14c5439219d4a9104ee5465b02c8) Importer(815301076,1909f56bfc062723c751e8b465ee728b)  -> (artifact id: '04c8c0b19efc92443058b7080006a71d') in 0.035871 seconds
  Import took 0.037830 seconds .

========================================================================
Received Import Request.
  Time since last request: 47.065309 seconds.
  path: Assets/Scenes
  artifactKey: Guid(5e444e18661ec9f4a888a3b2523c7c2e) Importer(815301076,1909f56bfc062723c751e8b465ee728b)
Start importing Assets/Scenes using Guid(5e444e18661ec9f4a888a3b2523c7c2e) Importer(815301076,1909f56bfc062723c751e8b465ee728b)  -> (artifact id: '89073566dc94b6725725074405e1a58c') in 0.004438 seconds
  Import took 0.006510 seconds .

========================================================================
Received Import Request.
  Time since last request: 0.006621 seconds.
  path: Assets/Scenes
  artifactKey: Guid(5e444e18661ec9f4a888a3b2523c7c2e) Importer(815301076,1909f56bfc062723c751e8b465ee728b)
Start importing Assets/Scenes using Guid(5e444e18661ec9f4a888a3b2523c7c2e) Importer(815301076,1909f56bfc062723c751e8b465ee728b)  -> (artifact id: '89073566dc94b6725725074405e1a58c') in 0.001171 seconds
  Import took 0.003229 seconds .

========================================================================
Received Import Request.
  Time since last request: 3.035518 seconds.
  path: Assets/Scenes/Level 1.unity
  artifactKey: Guid(f9ec817e0ecd738448135b78253c2c35) Importer(815301076,1909f56bfc062723c751e8b465ee728b)
Start importing Assets/Scenes/Level 1.unity using Guid(f9ec817e0ecd738448135b78253c2c35) Importer(815301076,1909f56bfc062723c751e8b465ee728b)  -> (artifact id: 'b1231ea4b21585ec75d28a3d8743f664') in 0.004562 seconds
  Import took 0.006707 seconds .

========================================================================
Received Import Request.
  Time since last request: 8.191235 seconds.
  path: Assets/Scenes/Title.unity
  artifactKey: Guid(5497112ed18f58d4cb23c7bb84c17027) Importer(815301076,1909f56bfc062723c751e8b465ee728b)
Start importing Assets/Scenes/Title.unity using Guid(5497112ed18f58d4cb23c7bb84c17027) Importer(815301076,1909f56bfc062723c751e8b465ee728b)  -> (artifact id: 'f4edd974c8a82241630aa6ed7053707f') in 0.004062 seconds
  Import took 0.006073 seconds .

========================================================================
Received Import Request.
  Time since last request: 18.202192 seconds.
  path: Assets/Scenes/Level 1
  artifactKey: Guid(0f0ec137e8b948f4bbcb28016e4f5059) Importer(815301076,1909f56bfc062723c751e8b465ee728b)
Start importing Assets/Scenes/Level 1 using Guid(0f0ec137e8b948f4bbcb28016e4f5059) Importer(815301076,1909f56bfc062723c751e8b465ee728b)  -> (artifact id: 'b793833d448ab4fd9b5f79fd6d6d9f52') in 0.004821 seconds
  Import took 0.006859 seconds .

========================================================================
Received Import Request.
  Time since last request: 0.088432 seconds.
  path: Assets/Scenes/Level 1/LightingData.asset
  artifactKey: Guid(0a95228d207464d4e8ef9f48ec8ef5c7) Importer(815301076,1909f56bfc062723c751e8b465ee728b)
Start importing Assets/Scenes/Level 1/LightingData.asset using Guid(0a95228d207464d4e8ef9f48ec8ef5c7) Importer(815301076,1909f56bfc062723c751e8b465ee728b)  -> (artifact id: '8cd870f5df4bd52bcc7b5455ffc18729') in 0.005677 seconds
  Import took 0.007871 seconds .

========================================================================
Received Import Request.
  Time since last request: 0.000185 seconds.
  path: Assets/Scenes/Level 1/NavMesh.asset
  artifactKey: Guid(aa49e77d7fcc23b4f8a996584e9582b8) Importer(815301076,1909f56bfc062723c751e8b465ee728b)
Start importing Assets/Scenes/Level 1/NavMesh.asset using Guid(aa49e77d7fcc23b4f8a996584e9582b8) Importer(815301076,1909f56bfc062723c751e8b465ee728b)  -> (artifact id: '76d0c91dc86d24597d8d6419c7fb5f87') in 0.003920 seconds
  Import took 0.005735 seconds .

========================================================================
Received Import Request.
  Time since last request: 0.000167 seconds.
  path: Assets/Scenes/Level 1/ReflectionProbe-0.exr
  artifactKey: Guid(d65c0758263d7d145a6ebed90ab5ed1a) Importer(815301076,1909f56bfc062723c751e8b465ee728b)
Start importing Assets/Scenes/Level 1/ReflectionProbe-0.exr using Guid(d65c0758263d7d145a6ebed90ab5ed1a) Importer(815301076,1909f56bfc062723c751e8b465ee728b)  -> (artifact id: '21443ea2c4645be912d0c0547b21947f') in 0.034465 seconds
  Import took 0.036342 seconds .

========================================================================
Received Prepare
Registering precompiled user dll's ...
Registered in 0.000494 seconds.
Begin MonoManager ReloadAssembly
Native extension for WindowsStandalone target not found
Native extension for WebGL target not found
Refreshing native plugins compatible for Editor in 0.32 ms, found 0 plugins.
Preloading 0 native plugins for Editor in 0.00 ms.
Invoked RoslynAnalysisRunner static constructor.
RoslynAnalysisRunner will not be running.
RoslynAnalysisRunner has terminated.
Mono: successfully reloaded assembly
- Completed reload, in  0.644 seconds
Platform modules already initialized, skipping
Refreshing native plugins compatible for Editor in 0.25 ms, found 0 plugins.
Preloading 0 native plugins for Editor in 0.00 ms.
Unloading 1475 Unused Serialized files (Serialized files now loaded: 0)
System memory in use before: 76.5 MB.
System memory in use after: 76.5 MB.

Unloading 5 unused Assets to reduce memory usage. Loaded Objects now: 2000.
Total: 1.495800 ms (FindLiveObjects: 0.212500 ms CreateObjectMapping: 0.065200 ms MarkObjects: 1.163200 ms  DeleteObjects: 0.054200 ms)

========================================================================
Received Prepare
Registering precompiled user dll's ...
Registered in 0.000424 seconds.
Begin MonoManager ReloadAssembly
Native extension for WindowsStandalone target not found
Native extension for WebGL target not found
Refreshing native plugins compatible for Editor in 0.27 ms, found 0 plugins.
Preloading 0 native plugins for Editor in 0.00 ms.
Invoked RoslynAnalysisRunner static constructor.
RoslynAnalysisRunner will not be running.
RoslynAnalysisRunner has terminated.
Mono: successfully reloaded assembly
- Completed reload, in  0.687 seconds
Platform modules already initialized, skipping
Refreshing native plugins compatible for Editor in 0.27 ms, found 0 plugins.
Preloading 0 native plugins for Editor in 0.00 ms.
Unloading 1475 Unused Serialized files (Serialized files now loaded: 0)
System memory in use before: 76.5 MB.
System memory in use after: 76.5 MB.

Unloading 5 unused Assets to reduce memory usage. Loaded Objects now: 2003.
Total: 2.068200 ms (FindLiveObjects: 0.222600 ms CreateObjectMapping: 0.074400 ms MarkObjects: 1.693200 ms  DeleteObjects: 0.076800 ms)

AssetImportWorkerClient::OnTransportError - code=2 error=End of file
